<?xml version="1.0" encoding="UTF-8"?>
<testsuite xmlns:xsi="http://www.w3.org/2001/XMLSchema-instance" xsi:noNamespaceSchemaLocation="https://maven.apache.org/surefire/maven-surefire-plugin/xsd/surefire-test-report-3.0.xsd" version="3.0" name="ItemTest" time="0.153" tests="20" errors="0" skipped="0" failures="0">
  <properties>
    <property name="java.specification.version" value="22"/>
    <property name="sun.cpu.isalist" value="amd64"/>
    <property name="sun.jnu.encoding" value="Cp1252"/>
    <property name="sun.awt.enableExtraMouseButtons" value="true"/>
    <property name="java.class.path" value="C:\Users\Alessia\OneDrive\Desktop\Uni\UNI 2\2 SEM\Progetto-TEXT-ADVENTURE\target\test-classes;C:\Users\Alessia\OneDrive\Desktop\Uni\UNI 2\2 SEM\Progetto-TEXT-ADVENTURE\target\classes;C:\Users\Alessia\.m2\repository\software\amazon\awssdk\s3\2.25.58\s3-2.25.58.jar;C:\Users\Alessia\.m2\repository\software\amazon\awssdk\aws-xml-protocol\2.25.58\aws-xml-protocol-2.25.58.jar;C:\Users\Alessia\.m2\repository\software\amazon\awssdk\aws-query-protocol\2.25.58\aws-query-protocol-2.25.58.jar;C:\Users\Alessia\.m2\repository\software\amazon\awssdk\protocol-core\2.25.58\protocol-core-2.25.58.jar;C:\Users\Alessia\.m2\repository\software\amazon\awssdk\arns\2.25.58\arns-2.25.58.jar;C:\Users\Alessia\.m2\repository\software\amazon\awssdk\profiles\2.25.58\profiles-2.25.58.jar;C:\Users\Alessia\.m2\repository\software\amazon\awssdk\crt-core\2.25.58\crt-core-2.25.58.jar;C:\Users\Alessia\.m2\repository\software\amazon\awssdk\http-auth\2.25.58\http-auth-2.25.58.jar;C:\Users\Alessia\.m2\repository\software\amazon\awssdk\identity-spi\2.25.58\identity-spi-2.25.58.jar;C:\Users\Alessia\.m2\repository\software\amazon\awssdk\http-auth-spi\2.25.58\http-auth-spi-2.25.58.jar;C:\Users\Alessia\.m2\repository\org\reactivestreams\reactive-streams\1.0.4\reactive-streams-1.0.4.jar;C:\Users\Alessia\.m2\repository\software\amazon\awssdk\http-auth-aws\2.25.58\http-auth-aws-2.25.58.jar;C:\Users\Alessia\.m2\repository\software\amazon\awssdk\checksums\2.25.58\checksums-2.25.58.jar;C:\Users\Alessia\.m2\repository\software\amazon\awssdk\checksums-spi\2.25.58\checksums-spi-2.25.58.jar;C:\Users\Alessia\.m2\repository\software\amazon\awssdk\sdk-core\2.25.58\sdk-core-2.25.58.jar;C:\Users\Alessia\.m2\repository\software\amazon\awssdk\auth\2.25.58\auth-2.25.58.jar;C:\Users\Alessia\.m2\repository\software\amazon\eventstream\eventstream\1.0.1\eventstream-1.0.1.jar;C:\Users\Alessia\.m2\repository\software\amazon\awssdk\http-client-spi\2.25.58\http-client-spi-2.25.58.jar;C:\Users\Alessia\.m2\repository\software\amazon\awssdk\regions\2.25.58\regions-2.25.58.jar;C:\Users\Alessia\.m2\repository\software\amazon\awssdk\annotations\2.25.58\annotations-2.25.58.jar;C:\Users\Alessia\.m2\repository\software\amazon\awssdk\utils\2.25.58\utils-2.25.58.jar;C:\Users\Alessia\.m2\repository\software\amazon\awssdk\aws-core\2.25.58\aws-core-2.25.58.jar;C:\Users\Alessia\.m2\repository\software\amazon\awssdk\metrics-spi\2.25.58\metrics-spi-2.25.58.jar;C:\Users\Alessia\.m2\repository\software\amazon\awssdk\json-utils\2.25.58\json-utils-2.25.58.jar;C:\Users\Alessia\.m2\repository\software\amazon\awssdk\third-party-jackson-core\2.25.58\third-party-jackson-core-2.25.58.jar;C:\Users\Alessia\.m2\repository\software\amazon\awssdk\endpoints-spi\2.25.58\endpoints-spi-2.25.58.jar;C:\Users\Alessia\.m2\repository\software\amazon\awssdk\apache-client\2.25.58\apache-client-2.25.58.jar;C:\Users\Alessia\.m2\repository\org\apache\httpcomponents\httpclient\4.5.13\httpclient-4.5.13.jar;C:\Users\Alessia\.m2\repository\commons-logging\commons-logging\1.2\commons-logging-1.2.jar;C:\Users\Alessia\.m2\repository\org\apache\httpcomponents\httpcore\4.4.13\httpcore-4.4.13.jar;C:\Users\Alessia\.m2\repository\commons-codec\commons-codec\1.15\commons-codec-1.15.jar;C:\Users\Alessia\.m2\repository\software\amazon\awssdk\netty-nio-client\2.25.58\netty-nio-client-2.25.58.jar;C:\Users\Alessia\.m2\repository\io\netty\netty-codec-http\4.1.108.Final\netty-codec-http-4.1.108.Final.jar;C:\Users\Alessia\.m2\repository\io\netty\netty-codec-http2\4.1.108.Final\netty-codec-http2-4.1.108.Final.jar;C:\Users\Alessia\.m2\repository\io\netty\netty-codec\4.1.108.Final\netty-codec-4.1.108.Final.jar;C:\Users\Alessia\.m2\repository\io\netty\netty-transport\4.1.108.Final\netty-transport-4.1.108.Final.jar;C:\Users\Alessia\.m2\repository\io\netty\netty-common\4.1.108.Final\netty-common-4.1.108.Final.jar;C:\Users\Alessia\.m2\repository\io\netty\netty-buffer\4.1.108.Final\netty-buffer-4.1.108.Final.jar;C:\Users\Alessia\.m2\repository\io\netty\netty-handler\4.1.108.Final\netty-handler-4.1.108.Final.jar;C:\Users\Alessia\.m2\repository\io\netty\netty-transport-native-unix-common\4.1.108.Final\netty-transport-native-unix-common-4.1.108.Final.jar;C:\Users\Alessia\.m2\repository\io\netty\netty-transport-classes-epoll\4.1.108.Final\netty-transport-classes-epoll-4.1.108.Final.jar;C:\Users\Alessia\.m2\repository\io\netty\netty-resolver\4.1.108.Final\netty-resolver-4.1.108.Final.jar;C:\Users\Alessia\.m2\repository\com\google\code\gson\gson\2.8.9\gson-2.8.9.jar;C:\Users\Alessia\.m2\repository\org\slf4j\slf4j-api\2.0.9\slf4j-api-2.0.9.jar;C:\Users\Alessia\.m2\repository\ch\qos\logback\logback-classic\1.4.12\logback-classic-1.4.12.jar;C:\Users\Alessia\.m2\repository\ch\qos\logback\logback-core\1.4.12\logback-core-1.4.12.jar;C:\Users\Alessia\.m2\repository\org\junit\jupiter\junit-jupiter\5.10.2\junit-jupiter-5.10.2.jar;C:\Users\Alessia\.m2\repository\org\junit\jupiter\junit-jupiter-api\5.10.2\junit-jupiter-api-5.10.2.jar;C:\Users\Alessia\.m2\repository\org\opentest4j\opentest4j\1.3.0\opentest4j-1.3.0.jar;C:\Users\Alessia\.m2\repository\org\junit\platform\junit-platform-commons\1.10.2\junit-platform-commons-1.10.2.jar;C:\Users\Alessia\.m2\repository\org\apiguardian\apiguardian-api\1.1.2\apiguardian-api-1.1.2.jar;C:\Users\Alessia\.m2\repository\org\junit\jupiter\junit-jupiter-params\5.10.2\junit-jupiter-params-5.10.2.jar;C:\Users\Alessia\.m2\repository\org\junit\jupiter\junit-jupiter-engine\5.10.2\junit-jupiter-engine-5.10.2.jar;C:\Users\Alessia\.m2\repository\org\junit\platform\junit-platform-engine\1.10.2\junit-platform-engine-1.10.2.jar;C:\Users\Alessia\.m2\repository\junit\junit\4.13.2\junit-4.13.2.jar;C:\Users\Alessia\.m2\repository\org\hamcrest\hamcrest-core\1.3\hamcrest-core-1.3.jar;"/>
    <property name="java.vm.vendor" value="Oracle Corporation"/>
    <property name="sun.arch.data.model" value="64"/>
    <property name="user.variant" value=""/>
    <property name="java.vendor.url" value="https://java.oracle.com/"/>
    <property name="user.timezone" value="Europe/Rome"/>
    <property name="os.name" value="Windows 11"/>
    <property name="java.vm.specification.version" value="22"/>
    <property name="sun.java.launcher" value="SUN_STANDARD"/>
    <property name="user.country" value="IT"/>
    <property name="sun.boot.library.path" value="C:\Program Files\Java\jdk-22\bin"/>
    <property name="sun.java.command" value="C:\Users\Alessia\AppData\Local\Temp\surefire16940165008029209420\surefirebooter2564729615880543675.jar C:\Users\Alessia\AppData\Local\Temp\surefire16940165008029209420 2024-06-07T09-20-57_096-jvmRun1 surefire2516687830427555340tmp surefire_010651724705114188857tmp"/>
    <property name="jdk.debug" value="release"/>
    <property name="surefire.test.class.path" value="C:\Users\Alessia\OneDrive\Desktop\Uni\UNI 2\2 SEM\Progetto-TEXT-ADVENTURE\target\test-classes;C:\Users\Alessia\OneDrive\Desktop\Uni\UNI 2\2 SEM\Progetto-TEXT-ADVENTURE\target\classes;C:\Users\Alessia\.m2\repository\software\amazon\awssdk\s3\2.25.58\s3-2.25.58.jar;C:\Users\Alessia\.m2\repository\software\amazon\awssdk\aws-xml-protocol\2.25.58\aws-xml-protocol-2.25.58.jar;C:\Users\Alessia\.m2\repository\software\amazon\awssdk\aws-query-protocol\2.25.58\aws-query-protocol-2.25.58.jar;C:\Users\Alessia\.m2\repository\software\amazon\awssdk\protocol-core\2.25.58\protocol-core-2.25.58.jar;C:\Users\Alessia\.m2\repository\software\amazon\awssdk\arns\2.25.58\arns-2.25.58.jar;C:\Users\Alessia\.m2\repository\software\amazon\awssdk\profiles\2.25.58\profiles-2.25.58.jar;C:\Users\Alessia\.m2\repository\software\amazon\awssdk\crt-core\2.25.58\crt-core-2.25.58.jar;C:\Users\Alessia\.m2\repository\software\amazon\awssdk\http-auth\2.25.58\http-auth-2.25.58.jar;C:\Users\Alessia\.m2\repository\software\amazon\awssdk\identity-spi\2.25.58\identity-spi-2.25.58.jar;C:\Users\Alessia\.m2\repository\software\amazon\awssdk\http-auth-spi\2.25.58\http-auth-spi-2.25.58.jar;C:\Users\Alessia\.m2\repository\org\reactivestreams\reactive-streams\1.0.4\reactive-streams-1.0.4.jar;C:\Users\Alessia\.m2\repository\software\amazon\awssdk\http-auth-aws\2.25.58\http-auth-aws-2.25.58.jar;C:\Users\Alessia\.m2\repository\software\amazon\awssdk\checksums\2.25.58\checksums-2.25.58.jar;C:\Users\Alessia\.m2\repository\software\amazon\awssdk\checksums-spi\2.25.58\checksums-spi-2.25.58.jar;C:\Users\Alessia\.m2\repository\software\amazon\awssdk\sdk-core\2.25.58\sdk-core-2.25.58.jar;C:\Users\Alessia\.m2\repository\software\amazon\awssdk\auth\2.25.58\auth-2.25.58.jar;C:\Users\Alessia\.m2\repository\software\amazon\eventstream\eventstream\1.0.1\eventstream-1.0.1.jar;C:\Users\Alessia\.m2\repository\software\amazon\awssdk\http-client-spi\2.25.58\http-client-spi-2.25.58.jar;C:\Users\Alessia\.m2\repository\software\amazon\awssdk\regions\2.25.58\regions-2.25.58.jar;C:\Users\Alessia\.m2\repository\software\amazon\awssdk\annotations\2.25.58\annotations-2.25.58.jar;C:\Users\Alessia\.m2\repository\software\amazon\awssdk\utils\2.25.58\utils-2.25.58.jar;C:\Users\Alessia\.m2\repository\software\amazon\awssdk\aws-core\2.25.58\aws-core-2.25.58.jar;C:\Users\Alessia\.m2\repository\software\amazon\awssdk\metrics-spi\2.25.58\metrics-spi-2.25.58.jar;C:\Users\Alessia\.m2\repository\software\amazon\awssdk\json-utils\2.25.58\json-utils-2.25.58.jar;C:\Users\Alessia\.m2\repository\software\amazon\awssdk\third-party-jackson-core\2.25.58\third-party-jackson-core-2.25.58.jar;C:\Users\Alessia\.m2\repository\software\amazon\awssdk\endpoints-spi\2.25.58\endpoints-spi-2.25.58.jar;C:\Users\Alessia\.m2\repository\software\amazon\awssdk\apache-client\2.25.58\apache-client-2.25.58.jar;C:\Users\Alessia\.m2\repository\org\apache\httpcomponents\httpclient\4.5.13\httpclient-4.5.13.jar;C:\Users\Alessia\.m2\repository\commons-logging\commons-logging\1.2\commons-logging-1.2.jar;C:\Users\Alessia\.m2\repository\org\apache\httpcomponents\httpcore\4.4.13\httpcore-4.4.13.jar;C:\Users\Alessia\.m2\repository\commons-codec\commons-codec\1.15\commons-codec-1.15.jar;C:\Users\Alessia\.m2\repository\software\amazon\awssdk\netty-nio-client\2.25.58\netty-nio-client-2.25.58.jar;C:\Users\Alessia\.m2\repository\io\netty\netty-codec-http\4.1.108.Final\netty-codec-http-4.1.108.Final.jar;C:\Users\Alessia\.m2\repository\io\netty\netty-codec-http2\4.1.108.Final\netty-codec-http2-4.1.108.Final.jar;C:\Users\Alessia\.m2\repository\io\netty\netty-codec\4.1.108.Final\netty-codec-4.1.108.Final.jar;C:\Users\Alessia\.m2\repository\io\netty\netty-transport\4.1.108.Final\netty-transport-4.1.108.Final.jar;C:\Users\Alessia\.m2\repository\io\netty\netty-common\4.1.108.Final\netty-common-4.1.108.Final.jar;C:\Users\Alessia\.m2\repository\io\netty\netty-buffer\4.1.108.Final\netty-buffer-4.1.108.Final.jar;C:\Users\Alessia\.m2\repository\io\netty\netty-handler\4.1.108.Final\netty-handler-4.1.108.Final.jar;C:\Users\Alessia\.m2\repository\io\netty\netty-transport-native-unix-common\4.1.108.Final\netty-transport-native-unix-common-4.1.108.Final.jar;C:\Users\Alessia\.m2\repository\io\netty\netty-transport-classes-epoll\4.1.108.Final\netty-transport-classes-epoll-4.1.108.Final.jar;C:\Users\Alessia\.m2\repository\io\netty\netty-resolver\4.1.108.Final\netty-resolver-4.1.108.Final.jar;C:\Users\Alessia\.m2\repository\com\google\code\gson\gson\2.8.9\gson-2.8.9.jar;C:\Users\Alessia\.m2\repository\org\slf4j\slf4j-api\2.0.9\slf4j-api-2.0.9.jar;C:\Users\Alessia\.m2\repository\ch\qos\logback\logback-classic\1.4.12\logback-classic-1.4.12.jar;C:\Users\Alessia\.m2\repository\ch\qos\logback\logback-core\1.4.12\logback-core-1.4.12.jar;C:\Users\Alessia\.m2\repository\org\junit\jupiter\junit-jupiter\5.10.2\junit-jupiter-5.10.2.jar;C:\Users\Alessia\.m2\repository\org\junit\jupiter\junit-jupiter-api\5.10.2\junit-jupiter-api-5.10.2.jar;C:\Users\Alessia\.m2\repository\org\opentest4j\opentest4j\1.3.0\opentest4j-1.3.0.jar;C:\Users\Alessia\.m2\repository\org\junit\platform\junit-platform-commons\1.10.2\junit-platform-commons-1.10.2.jar;C:\Users\Alessia\.m2\repository\org\apiguardian\apiguardian-api\1.1.2\apiguardian-api-1.1.2.jar;C:\Users\Alessia\.m2\repository\org\junit\jupiter\junit-jupiter-params\5.10.2\junit-jupiter-params-5.10.2.jar;C:\Users\Alessia\.m2\repository\org\junit\jupiter\junit-jupiter-engine\5.10.2\junit-jupiter-engine-5.10.2.jar;C:\Users\Alessia\.m2\repository\org\junit\platform\junit-platform-engine\1.10.2\junit-platform-engine-1.10.2.jar;C:\Users\Alessia\.m2\repository\junit\junit\4.13.2\junit-4.13.2.jar;C:\Users\Alessia\.m2\repository\org\hamcrest\hamcrest-core\1.3\hamcrest-core-1.3.jar;"/>
    <property name="sun.cpu.endian" value="little"/>
    <property name="user.home" value="C:\Users\Alessia"/>
    <property name="user.language" value="it"/>
    <property name="java.specification.vendor" value="Oracle Corporation"/>
    <property name="java.version.date" value="2024-03-19"/>
    <property name="java.home" value="C:\Program Files\Java\jdk-22"/>
    <property name="file.separator" value="\"/>
    <property name="basedir" value="C:\Users\Alessia\OneDrive\Desktop\Uni\UNI 2\2 SEM\Progetto-TEXT-ADVENTURE"/>
    <property name="java.vm.compressedOopsMode" value="32-bit"/>
    <property name="line.separator" value="&#10;"/>
    <property name="java.vm.specification.vendor" value="Oracle Corporation"/>
    <property name="java.specification.name" value="Java Platform API Specification"/>
    <property name="surefire.real.class.path" value="C:\Users\Alessia\AppData\Local\Temp\surefire16940165008029209420\surefirebooter2564729615880543675.jar"/>
    <property name="user.script" value=""/>
    <property name="sun.management.compiler" value="HotSpot 64-Bit Tiered Compilers"/>
    <property name="java.runtime.version" value="22+36-2370"/>
    <property name="user.name" value="Alessia"/>
    <property name="stdout.encoding" value="Cp1252"/>
    <property name="path.separator" value=";"/>
    <property name="os.version" value="10.0"/>
    <property name="java.runtime.name" value="Java(TM) SE Runtime Environment"/>
    <property name="file.encoding" value="UTF-8"/>
    <property name="java.vm.name" value="Java HotSpot(TM) 64-Bit Server VM"/>
    <property name="localRepository" value="C:\Users\Alessia\.m2\repository"/>
    <property name="java.vendor.url.bug" value="https://bugreport.java.com/bugreport/"/>
    <property name="java.io.tmpdir" value="C:\Users\Alessia\AppData\Local\Temp\"/>
    <property name="idea.version" value="2024.1.1"/>
    <property name="java.version" value="22"/>
    <property name="user.dir" value="C:\Users\Alessia\OneDrive\Desktop\Uni\UNI 2\2 SEM\Progetto-TEXT-ADVENTURE"/>
    <property name="os.arch" value="amd64"/>
    <property name="java.vm.specification.name" value="Java Virtual Machine Specification"/>
    <property name="sun.os.patch.level" value=""/>
    <property name="native.encoding" value="Cp1252"/>
    <property name="java.library.path" value="C:\Program Files\Java\jdk-22\bin;C:\WINDOWS\Sun\Java\bin;C:\WINDOWS\system32;C:\WINDOWS;C:\Program Files\Common Files\Oracle\Java\javapath;C:\Program Files (x86)\Common Files\Oracle\Java\javapath;C:\Windows\system32;C:\Windows;C:\Windows\System32\Wbem;C:\Windows\System32\WindowsPowerShell\v1.0\;C:\Windows\System32\OpenSSH\;C:\Program Files\NVIDIA Corporation\NVIDIA NvDLISR;C:\WINDOWS\system32;C:\WINDOWS;C:\WINDOWS\System32\Wbem;C:\WINDOWS\System32\WindowsPowerShell\v1.0\;C:\WINDOWS\System32\OpenSSH\;C:\Program Files (x86)\NVIDIA Corporation\PhysX\Common;C:\WINDOWS\system32;C:\WINDOWS;C:\WINDOWS\System32\Wbem;C:\WINDOWS\System32\WindowsPowerShell\v1.0\;C:\WINDOWS\System32\OpenSSH\;C:\Program Files\dotnet\;C:\Program Files\MATLAB\R2022a\bin;C:\Program Files\Git\cmd;C:\Program Files\CMake\bin;C:\Program Files\Fortect;C:\Program Files (x86)\Windows Kits\10\Windows Performance Toolkit\;C:\Program Files\PowerShell\7\;C:\Users\Alessia\Downloads\apache-maven-3.9.6\bin;C:\Users\Alessia\AppData\Local\Microsoft\WindowsApps;C:\Program Files\JetBrains\IntelliJ IDEA Community Edition 2022.2.2\bin;;C:\Users\Alessia\AppData\Local\Programs\Microsoft VS Code\bin;C:\msys64\mingw64\bin;C:\Users\Alessia\AppData\Local\GitHubDesktop\bin;C:\Cmake\bin;C:\cmake-3.28.0-rc5-windows-x86_64\cmake-3.28.0-rc5-windows-x86_64\bin;;C:\Program Files\JetBrains\IntelliJ IDEA 2024.1.1\bin;;."/>
    <property name="java.vm.info" value="mixed mode, sharing"/>
    <property name="stderr.encoding" value="Cp1252"/>
    <property name="java.vendor" value="Oracle Corporation"/>
    <property name="java.vm.version" value="22+36-2370"/>
    <property name="sun.io.unicode.encoding" value="UnicodeLittle"/>
    <property name="java.class.version" value="66.0"/>
  </properties>
  <testcase name="testIsCollectable" classname="ItemTest" time="0.002"/>
  <testcase name="testObjectsSize" classname="ItemTest" time="0.002"/>
  <testcase name="testItemConstructor" classname="ItemTest" time="0.003"/>
  <testcase name="testSetVisible" classname="ItemTest" time="0.001"/>
  <testcase name="testSetVisibleItemContained" classname="ItemTest" time="0.002"/>
  <testcase name="testLockedItemConstructor" classname="ItemTest" time="0.002"/>
  <testcase name="testItemSerialization" classname="ItemTest" time="0.031"/>
  <testcase name="unlockItem" classname="ItemTest" time="0.004"/>
  <testcase name="testGetName" classname="ItemTest" time="0.001"/>
  <testcase name="testGetItemContained" classname="ItemTest" time="0.001"/>
  <testcase name="testRemoveObject" classname="ItemTest" time="0.001"/>
  <testcase name="testContainerItemSerialization" classname="ItemTest" time="0.034"/>
  <testcase name="testGetAltDescription" classname="ItemTest" time="0.005"/>
  <testcase name="testIsVisible" classname="ItemTest" time="0.002"/>
  <testcase name="testGetDescription" classname="ItemTest" time="0.002"/>
  <testcase name="testGetAction" classname="ItemTest" time="0.003"/>
  <testcase name="testGetObject" classname="ItemTest" time="0.002"/>
  <testcase name="testContainerItemConstructor" classname="ItemTest" time="0.002"/>
  <testcase name="testGetItemBlocked" classname="ItemTest" time="0.007"/>
  <testcase name="testLockedItemSerialization" classname="ItemTest" time="0.022"/>
</testsuite>